Using pre-set license
Built from '2020.2/staging' branch; Version is '2020.2.5f1 (e2c53f129de5) revision 14861631'; Using compiler version '192528614'; Build Type 'Release'
OS: 'Windows 10 Home; OS build 19042.867; Version 2009; 64bit' Language: 'ru' Physical Memory: 32721 MB
BatchMode: 1, IsHumanControllingUs: 0, StartBugReporterOnCrash: 0, Is64bit: 1, IsPro: 0

 COMMAND LINE ARGUMENTS:
C:\Program Files\Unity\Hub\Editor\2020.2.5f1\Editor\Unity.exe
-adb2
-batchMode
-noUpm
-name
AssetImportWorker0
-projectPath
D:/UnityProjects/SHK-Unity
-logFile
Logs/AssetImportWorker0.log
-srvPort
63625
Successfully changed project path to: D:/UnityProjects/SHK-Unity
D:/UnityProjects/SHK-Unity
Using Asset Import Pipeline V2.
Refreshing native plugins compatible for Editor in 31.32 ms, found 0 plugins.
Preloading 0 native plugins for Editor in 0.00 ms.
Initialize engine version: 2020.2.5f1 (e2c53f129de5)
[Subsystems] Discovering subsystems at path C:/Program Files/Unity/Hub/Editor/2020.2.5f1/Editor/Data/Resources/UnitySubsystems
[Subsystems] Discovering subsystems at path D:/UnityProjects/SHK-Unity/Assets
GfxDevice: creating device client; threaded=0
Direct3D:
    Version:  Direct3D 11.0 [level 11.1]
    Renderer: NVIDIA GeForce GTX 1080 Ti (ID=0x1b06)
    Vendor:   
    VRAM:     11127 MB
    Driver:   27.21.14.6079
Initialize mono
Mono path[0] = 'C:/Program Files/Unity/Hub/Editor/2020.2.5f1/Editor/Data/Managed'
Mono path[1] = 'C:/Program Files/Unity/Hub/Editor/2020.2.5f1/Editor/Data/MonoBleedingEdge/lib/mono/unityjit'
Mono config path = 'C:/Program Files/Unity/Hub/Editor/2020.2.5f1/Editor/Data/MonoBleedingEdge/etc'
Using monoOptions --debugger-agent=transport=dt_socket,embedding=1,server=y,suspend=n,address=127.0.0.1:56916
Begin MonoManager ReloadAssembly
Registering precompiled unity dll's ...
Register platform support module: C:/Program Files/Unity/Hub/Editor/2020.2.5f1/Editor/Data/PlaybackEngines/WebGLSupport/UnityEditor.WebGL.Extensions.dll
Register platform support module: C:/Program Files/Unity/Hub/Editor/2020.2.5f1/Editor/Data/PlaybackEngines/MacStandaloneSupport/UnityEditor.OSXStandalone.Extensions.dll
Register platform support module: C:/Program Files/Unity/Hub/Editor/2020.2.5f1/Editor/Data/PlaybackEngines/WindowsStandaloneSupport/UnityEditor.WindowsStandalone.Extensions.dll
Registered in 0.003596 seconds.
Native extension for WindowsStandalone target not found
Native extension for OSXStandalone target not found
Native extension for WebGL target not found
Refreshing native plugins compatible for Editor in 23.79 ms, found 0 plugins.
Preloading 0 native plugins for Editor in 0.00 ms.
Invoked RoslynAnalysisRunner static constructor.
RoslynAnalysisRunner will not be running.
RoslynAnalysisRunner has terminated.
Mono: successfully reloaded assembly
- Completed reload, in  1.038 seconds
Platform modules already initialized, skipping
Registering precompiled user dll's ...
Registered in 0.001276 seconds.
Begin MonoManager ReloadAssembly
Native extension for WindowsStandalone target not found
Native extension for OSXStandalone target not found
Native extension for WebGL target not found
Refreshing native plugins compatible for Editor in 0.32 ms, found 0 plugins.
Preloading 0 native plugins for Editor in 0.00 ms.
Invoked RoslynAnalysisRunner static constructor.
RoslynAnalysisRunner will not be running.
RoslynAnalysisRunner has terminated.
Mono: successfully reloaded assembly
- Completed reload, in  0.733 seconds
Platform modules already initialized, skipping
========================================================================
Worker process is ready to serve import requests
Launched and connected shader compiler UnityShaderCompiler.exe after 0.05 seconds
Refreshing native plugins compatible for Editor in 0.34 ms, found 0 plugins.
Preloading 0 native plugins for Editor in 0.00 ms.
Unloading 1377 Unused Serialized files (Serialized files now loaded: 0)
System memory in use before: 63.9 MB.
System memory in use after: 63.9 MB.

Unloading 33 unused Assets to reduce memory usage. Loaded Objects now: 1806.
Total: 1.522900 ms (FindLiveObjects: 0.147800 ms CreateObjectMapping: 0.094400 ms MarkObjects: 1.229900 ms  DeleteObjects: 0.050100 ms)

========================================================================
Received Import Request.
  path: Assets/Group1
  artifactKey: Guid(ee4993931bc84204e884e5e0f07a5fe7) Importer(815301076,1909f56bfc062723c751e8b465ee728b)
Start importing Assets/Group1 using Guid(ee4993931bc84204e884e5e0f07a5fe7) Importer(815301076,1909f56bfc062723c751e8b465ee728b)  -> (artifact id: 'f99dee58785651b164b44591225cafa3') in 0.006733 seconds
  Import took 0.008562 seconds .

========================================================================
Received Import Request.
  Time since last request: 0.000201 seconds.
  path: Assets/Group1/Player.png
  artifactKey: Guid(e3d497cf399ca0d42af41c518d283eb2) Importer(815301076,1909f56bfc062723c751e8b465ee728b)
Start importing Assets/Group1/Player.png using Guid(e3d497cf399ca0d42af41c518d283eb2) Importer(815301076,1909f56bfc062723c751e8b465ee728b)  -> (artifact id: '916ee4e7c10bcc4512c7f04b9d31d1d6') in 0.114684 seconds
  Import took 0.116916 seconds .

========================================================================
Received Import Request.
  Time since last request: 0.000214 seconds.
  path: Assets/Group1/enemy.png
  artifactKey: Guid(c393ddce902166c4fb0e2130d216d549) Importer(815301076,1909f56bfc062723c751e8b465ee728b)
Start importing Assets/Group1/enemy.png using Guid(c393ddce902166c4fb0e2130d216d549) Importer(815301076,1909f56bfc062723c751e8b465ee728b)  -> (artifact id: '69c465b1d40c3855c57bc5c247989302') in 0.015594 seconds
  Import took 0.018480 seconds .

========================================================================
Received Import Request.
  Time since last request: 0.000204 seconds.
  path: Assets/Group1/Scenes
  artifactKey: Guid(c1fba93d5f718bb42bc2548dd7f1976c) Importer(815301076,1909f56bfc062723c751e8b465ee728b)
Start importing Assets/Group1/Scenes using Guid(c1fba93d5f718bb42bc2548dd7f1976c) Importer(815301076,1909f56bfc062723c751e8b465ee728b)  -> (artifact id: 'f33980e2004aa157712e33b8bbca3f6f') in 0.005576 seconds
  Import took 0.007255 seconds .

========================================================================
Received Import Request.
  Time since last request: 1.801267 seconds.
  path: Assets/Group1/Scenes/KillAllEnemies.unity
  artifactKey: Guid(d0a731de6bc19cc479a2474de64e9b3b) Importer(815301076,1909f56bfc062723c751e8b465ee728b)
Start importing Assets/Group1/Scenes/KillAllEnemies.unity using Guid(d0a731de6bc19cc479a2474de64e9b3b) Importer(815301076,1909f56bfc062723c751e8b465ee728b)  -> (artifact id: '945fdd154dc0e61a08c22df729ac7007') in 0.006780 seconds
  Import took 0.008679 seconds .

========================================================================
Received Prepare
Registering precompiled user dll's ...
Registered in 0.001944 seconds.
Begin MonoManager ReloadAssembly
Native extension for WindowsStandalone target not found
Native extension for OSXStandalone target not found
Native extension for WebGL target not found
Refreshing native plugins compatible for Editor in 0.33 ms, found 0 plugins.
Preloading 0 native plugins for Editor in 0.00 ms.
Invoked RoslynAnalysisRunner static constructor.
RoslynAnalysisRunner will not be running.
RoslynAnalysisRunner has terminated.
Mono: successfully reloaded assembly
- Completed reload, in  0.689 seconds
Platform modules already initialized, skipping
Refreshing native plugins compatible for Editor in 0.33 ms, found 0 plugins.
Preloading 0 native plugins for Editor in 0.00 ms.
Unloading 1371 Unused Serialized files (Serialized files now loaded: 0)
System memory in use before: 66.8 MB.
System memory in use after: 66.9 MB.

Unloading 24 unused Assets to reduce memory usage. Loaded Objects now: 1813.
Total: 1.661600 ms (FindLiveObjects: 0.322700 ms CreateObjectMapping: 0.070100 ms MarkObjects: 1.250100 ms  DeleteObjects: 0.017600 ms)

========================================================================
Received Prepare
Registering precompiled user dll's ...
Registered in 0.002331 seconds.
Begin MonoManager ReloadAssembly
Native extension for WindowsStandalone target not found
Native extension for OSXStandalone target not found
Native extension for WebGL target not found
Refreshing native plugins compatible for Editor in 0.36 ms, found 0 plugins.
Preloading 0 native plugins for Editor in 0.00 ms.
Invoked RoslynAnalysisRunner static constructor.
RoslynAnalysisRunner will not be running.
RoslynAnalysisRunner has terminated.
Mono: successfully reloaded assembly
- Completed reload, in  0.694 seconds
Platform modules already initialized, skipping
Refreshing native plugins compatible for Editor in 0.32 ms, found 0 plugins.
Preloading 0 native plugins for Editor in 0.00 ms.
Unloading 1371 Unused Serialized files (Serialized files now loaded: 0)
System memory in use before: 66.9 MB.
System memory in use after: 67.0 MB.

Unloading 24 unused Assets to reduce memory usage. Loaded Objects now: 1815.
Total: 1.422400 ms (FindLiveObjects: 0.146500 ms CreateObjectMapping: 0.042700 ms MarkObjects: 1.216900 ms  DeleteObjects: 0.015000 ms)

========================================================================
Received Prepare
Registering precompiled user dll's ...
Registered in 0.001982 seconds.
Begin MonoManager ReloadAssembly
Native extension for WindowsStandalone target not found
Native extension for OSXStandalone target not found
Native extension for WebGL target not found
Refreshing native plugins compatible for Editor in 0.33 ms, found 0 plugins.
Preloading 0 native plugins for Editor in 0.00 ms.
Invoked RoslynAnalysisRunner static constructor.
RoslynAnalysisRunner will not be running.
RoslynAnalysisRunner has terminated.
Mono: successfully reloaded assembly
- Completed reload, in  0.817 seconds
Platform modules already initialized, skipping
Refreshing native plugins compatible for Editor in 0.34 ms, found 0 plugins.
Preloading 0 native plugins for Editor in 0.00 ms.
Unloading 1371 Unused Serialized files (Serialized files now loaded: 0)
System memory in use before: 66.9 MB.
System memory in use after: 67.0 MB.

Unloading 24 unused Assets to reduce memory usage. Loaded Objects now: 1817.
Total: 2.235200 ms (FindLiveObjects: 0.132100 ms CreateObjectMapping: 0.042100 ms MarkObjects: 2.029100 ms  DeleteObjects: 0.030300 ms)

========================================================================
Received Prepare
Registering precompiled user dll's ...
Registered in 0.001276 seconds.
Begin MonoManager ReloadAssembly
Native extension for WindowsStandalone target not found
Native extension for OSXStandalone target not found
Native extension for WebGL target not found
Refreshing native plugins compatible for Editor in 0.32 ms, found 0 plugins.
Preloading 0 native plugins for Editor in 0.00 ms.
Invoked RoslynAnalysisRunner static constructor.
RoslynAnalysisRunner will not be running.
RoslynAnalysisRunner has terminated.
Mono: successfully reloaded assembly
- Completed reload, in  0.689 seconds
Platform modules already initialized, skipping
Refreshing native plugins compatible for Editor in 0.36 ms, found 0 plugins.
Preloading 0 native plugins for Editor in 0.00 ms.
Unloading 1371 Unused Serialized files (Serialized files now loaded: 0)
System memory in use before: 66.9 MB.
System memory in use after: 67.0 MB.

Unloading 24 unused Assets to reduce memory usage. Loaded Objects now: 1819.
Total: 5.238700 ms (FindLiveObjects: 3.285200 ms CreateObjectMapping: 0.124000 ms MarkObjects: 1.795400 ms  DeleteObjects: 0.032300 ms)

========================================================================
Received Import Request.
  Time since last request: 1612.201082 seconds.
  path: Assets/Group1/Scripts
  artifactKey: Guid(599af706dd3de294dbbc342814c5e602) Importer(815301076,1909f56bfc062723c751e8b465ee728b)
Start importing Assets/Group1/Scripts using Guid(599af706dd3de294dbbc342814c5e602) Importer(815301076,1909f56bfc062723c751e8b465ee728b)  -> (artifact id: '6dbb4702792313d6826d51c225f181f1') in 0.009557 seconds
  Import took 0.011611 seconds .

========================================================================
Received Import Request.
  Time since last request: 4.371835 seconds.
  path: Assets/Group1/Scripts/Enemy.cs
  artifactKey: Guid(a0af667b2a096054fb15061a5c11e649) Importer(815301076,1909f56bfc062723c751e8b465ee728b)
Start importing Assets/Group1/Scripts/Enemy.cs using Guid(a0af667b2a096054fb15061a5c11e649) Importer(815301076,1909f56bfc062723c751e8b465ee728b)  -> (artifact id: '67e386f0eac8050dc4d9fe613b567197') in 0.011161 seconds
  Import took 0.013812 seconds .

========================================================================
Received Prepare
Registering precompiled user dll's ...
Registered in 0.001548 seconds.
Begin MonoManager ReloadAssembly
Native extension for WindowsStandalone target not found
Native extension for OSXStandalone target not found
Native extension for WebGL target not found
Refreshing native plugins compatible for Editor in 0.33 ms, found 0 plugins.
Preloading 0 native plugins for Editor in 0.00 ms.
Invoked RoslynAnalysisRunner static constructor.
RoslynAnalysisRunner will not be running.
RoslynAnalysisRunner has terminated.
Mono: successfully reloaded assembly
- Completed reload, in  0.716 seconds
Platform modules already initialized, skipping
Refreshing native plugins compatible for Editor in 0.41 ms, found 0 plugins.
Preloading 0 native plugins for Editor in 0.00 ms.
Unloading 1372 Unused Serialized files (Serialized files now loaded: 0)
System memory in use before: 66.9 MB.
System memory in use after: 67.0 MB.

Unloading 24 unused Assets to reduce memory usage. Loaded Objects now: 1822.
Total: 1.324600 ms (FindLiveObjects: 0.139300 ms CreateObjectMapping: 0.043500 ms MarkObjects: 1.126800 ms  DeleteObjects: 0.014100 ms)

========================================================================
Received Prepare
Registering precompiled user dll's ...
Registered in 0.001690 seconds.
Begin MonoManager ReloadAssembly
Native extension for WindowsStandalone target not found
Native extension for OSXStandalone target not found
Native extension for WebGL target not found
Refreshing native plugins compatible for Editor in 0.48 ms, found 0 plugins.
Preloading 0 native plugins for Editor in 0.00 ms.
Invoked RoslynAnalysisRunner static constructor.
RoslynAnalysisRunner will not be running.
RoslynAnalysisRunner has terminated.
Mono: successfully reloaded assembly
- Completed reload, in  0.685 seconds
Platform modules already initialized, skipping
Refreshing native plugins compatible for Editor in 0.44 ms, found 0 plugins.
Preloading 0 native plugins for Editor in 0.00 ms.
Unloading 1372 Unused Serialized files (Serialized files now loaded: 0)
System memory in use before: 66.9 MB.
System memory in use after: 67.0 MB.

Unloading 24 unused Assets to reduce memory usage. Loaded Objects now: 1824.
Total: 1.885600 ms (FindLiveObjects: 0.542900 ms CreateObjectMapping: 0.088500 ms MarkObjects: 1.234900 ms  DeleteObjects: 0.017600 ms)

========================================================================
Received Prepare
Registering precompiled user dll's ...
Registered in 0.001195 seconds.
Begin MonoManager ReloadAssembly
Native extension for WindowsStandalone target not found
Native extension for OSXStandalone target not found
Native extension for WebGL target not found
Refreshing native plugins compatible for Editor in 0.34 ms, found 0 plugins.
Preloading 0 native plugins for Editor in 0.00 ms.
Invoked RoslynAnalysisRunner static constructor.
RoslynAnalysisRunner will not be running.
RoslynAnalysisRunner has terminated.
Mono: successfully reloaded assembly
- Completed reload, in  0.700 seconds
Platform modules already initialized, skipping
Refreshing native plugins compatible for Editor in 0.32 ms, found 0 plugins.
Preloading 0 native plugins for Editor in 0.00 ms.
Unloading 1372 Unused Serialized files (Serialized files now loaded: 0)
System memory in use before: 66.9 MB.
System memory in use after: 67.0 MB.

Unloading 24 unused Assets to reduce memory usage. Loaded Objects now: 1826.
Total: 1.432100 ms (FindLiveObjects: 0.171500 ms CreateObjectMapping: 0.044000 ms MarkObjects: 1.198400 ms  DeleteObjects: 0.017200 ms)

========================================================================
Received Import Request.
  Time since last request: 42.871921 seconds.
  path: Assets/Group1/Scripts/Enemy.cs
  artifactKey: Guid(a0af667b2a096054fb15061a5c11e649) Importer(815301076,1909f56bfc062723c751e8b465ee728b)
Start importing Assets/Group1/Scripts/Enemy.cs using Guid(a0af667b2a096054fb15061a5c11e649) Importer(815301076,1909f56bfc062723c751e8b465ee728b)  -> (artifact id: 'b765683a7b03542b86a5de2320320ab2') in 0.004291 seconds
  Import took 0.006253 seconds .

========================================================================
Received Import Request.
  Time since last request: 3.431096 seconds.
  path: Assets/Group1/Scripts/Player.cs
  artifactKey: Guid(39555a222c4607a47a64e379234cc8eb) Importer(815301076,1909f56bfc062723c751e8b465ee728b)
Start importing Assets/Group1/Scripts/Player.cs using Guid(39555a222c4607a47a64e379234cc8eb) Importer(815301076,1909f56bfc062723c751e8b465ee728b)  -> (artifact id: 'f26850a1fab745966e3e802ba20255d7') in 0.004028 seconds
  Import took 0.007552 seconds .

========================================================================
Received Prepare
Registering precompiled user dll's ...
Registered in 0.001646 seconds.
Begin MonoManager ReloadAssembly
Native extension for WindowsStandalone target not found
Native extension for OSXStandalone target not found
Native extension for WebGL target not found
Refreshing native plugins compatible for Editor in 0.37 ms, found 0 plugins.
Preloading 0 native plugins for Editor in 0.00 ms.
Invoked RoslynAnalysisRunner static constructor.
RoslynAnalysisRunner will not be running.
RoslynAnalysisRunner has terminated.
Mono: successfully reloaded assembly
- Completed reload, in  0.794 seconds
Platform modules already initialized, skipping
Refreshing native plugins compatible for Editor in 0.42 ms, found 0 plugins.
Preloading 0 native plugins for Editor in 0.00 ms.
Unloading 1373 Unused Serialized files (Serialized files now loaded: 0)
System memory in use before: 67.0 MB.
System memory in use after: 67.1 MB.

Unloading 24 unused Assets to reduce memory usage. Loaded Objects now: 1829.
Total: 1.341400 ms (FindLiveObjects: 0.145400 ms CreateObjectMapping: 0.043700 ms MarkObjects: 1.136800 ms  DeleteObjects: 0.014500 ms)

========================================================================
Received Prepare
Registering precompiled user dll's ...
Registered in 0.001264 seconds.
Begin MonoManager ReloadAssembly
Native extension for WindowsStandalone target not found
Native extension for OSXStandalone target not found
Native extension for WebGL target not found
Refreshing native plugins compatible for Editor in 0.59 ms, found 0 plugins.
Preloading 0 native plugins for Editor in 0.00 ms.
Invoked RoslynAnalysisRunner static constructor.
RoslynAnalysisRunner will not be running.
RoslynAnalysisRunner has terminated.
Mono: successfully reloaded assembly
- Completed reload, in  0.687 seconds
Platform modules already initialized, skipping
Refreshing native plugins compatible for Editor in 0.40 ms, found 0 plugins.
Preloading 0 native plugins for Editor in 0.00 ms.
Unloading 1373 Unused Serialized files (Serialized files now loaded: 0)
System memory in use before: 67.0 MB.
System memory in use after: 67.1 MB.

Unloading 24 unused Assets to reduce memory usage. Loaded Objects now: 1831.
Total: 1.513300 ms (FindLiveObjects: 0.152400 ms CreateObjectMapping: 0.050600 ms MarkObjects: 1.290500 ms  DeleteObjects: 0.018000 ms)

========================================================================
Received Import Request.
  Time since last request: 460.043717 seconds.
  path: Assets/Group1/Scripts/Player.cs
  artifactKey: Guid(39555a222c4607a47a64e379234cc8eb) Importer(815301076,1909f56bfc062723c751e8b465ee728b)
Start importing Assets/Group1/Scripts/Player.cs using Guid(39555a222c4607a47a64e379234cc8eb) Importer(815301076,1909f56bfc062723c751e8b465ee728b)  -> (artifact id: '1fb0c992f7428626592825d4453e6a65') in 0.005050 seconds
  Import took 0.007480 seconds .

========================================================================
Received Prepare
Registering precompiled user dll's ...
Registered in 0.001778 seconds.
Begin MonoManager ReloadAssembly
Native extension for WindowsStandalone target not found
Native extension for OSXStandalone target not found
Native extension for WebGL target not found
Refreshing native plugins compatible for Editor in 0.59 ms, found 0 plugins.
Preloading 0 native plugins for Editor in 0.00 ms.
Invoked RoslynAnalysisRunner static constructor.
RoslynAnalysisRunner will not be running.
RoslynAnalysisRunner has terminated.
Mono: successfully reloaded assembly
- Completed reload, in  0.956 seconds
Platform modules already initialized, skipping
Refreshing native plugins compatible for Editor in 0.33 ms, found 0 plugins.
Preloading 0 native plugins for Editor in 0.00 ms.
Unloading 1373 Unused Serialized files (Serialized files now loaded: 0)
System memory in use before: 67.0 MB.
System memory in use after: 67.1 MB.

Unloading 24 unused Assets to reduce memory usage. Loaded Objects now: 1833.
Total: 1.533100 ms (FindLiveObjects: 0.214900 ms CreateObjectMapping: 0.064700 ms MarkObjects: 1.234400 ms  DeleteObjects: 0.018000 ms)

========================================================================
Received Prepare
Registering precompiled user dll's ...
Registered in 0.001751 seconds.
Begin MonoManager ReloadAssembly
Native extension for WindowsStandalone target not found
Native extension for OSXStandalone target not found
Native extension for WebGL target not found
Refreshing native plugins compatible for Editor in 0.34 ms, found 0 plugins.
Preloading 0 native plugins for Editor in 0.00 ms.
Invoked RoslynAnalysisRunner static constructor.
RoslynAnalysisRunner will not be running.
RoslynAnalysisRunner has terminated.
Mono: successfully reloaded assembly
- Completed reload, in  0.688 seconds
Platform modules already initialized, skipping
Refreshing native plugins compatible for Editor in 0.32 ms, found 0 plugins.
Preloading 0 native plugins for Editor in 0.00 ms.
Unloading 1373 Unused Serialized files (Serialized files now loaded: 0)
System memory in use before: 67.0 MB.
System memory in use after: 67.1 MB.

Unloading 24 unused Assets to reduce memory usage. Loaded Objects now: 1835.
Total: 1.841400 ms (FindLiveObjects: 0.241700 ms CreateObjectMapping: 0.101300 ms MarkObjects: 1.475200 ms  DeleteObjects: 0.021700 ms)

========================================================================
Received Import Request.
  Time since last request: 1432.828688 seconds.
  path: Assets/Group1/Scripts/SpeedBuff.cs
  artifactKey: Guid(93c7486454f4ce94fbd49df574cfae78) Importer(815301076,1909f56bfc062723c751e8b465ee728b)
Start importing Assets/Group1/Scripts/SpeedBuff.cs using Guid(93c7486454f4ce94fbd49df574cfae78) Importer(815301076,1909f56bfc062723c751e8b465ee728b)  -> (artifact id: '6bbb96e6a351e2e242d7ed2bde95135e') in 0.011980 seconds
  Import took 0.014834 seconds .

========================================================================
Received Prepare
Registering precompiled user dll's ...
Registered in 0.001611 seconds.
Begin MonoManager ReloadAssembly
Native extension for WindowsStandalone target not found
Native extension for OSXStandalone target not found
Native extension for WebGL target not found
Refreshing native plugins compatible for Editor in 0.32 ms, found 0 plugins.
Preloading 0 native plugins for Editor in 0.00 ms.
Invoked RoslynAnalysisRunner static constructor.
RoslynAnalysisRunner will not be running.
RoslynAnalysisRunner has terminated.
Mono: successfully reloaded assembly
- Completed reload, in  0.838 seconds
Platform modules already initialized, skipping
Refreshing native plugins compatible for Editor in 0.32 ms, found 0 plugins.
Preloading 0 native plugins for Editor in 0.00 ms.
Unloading 1374 Unused Serialized files (Serialized files now loaded: 0)
System memory in use before: 67.0 MB.
System memory in use after: 67.1 MB.

Unloading 24 unused Assets to reduce memory usage. Loaded Objects now: 1838.
Total: 1.645400 ms (FindLiveObjects: 0.326800 ms CreateObjectMapping: 0.082700 ms MarkObjects: 1.219200 ms  DeleteObjects: 0.015900 ms)

========================================================================
Received Prepare
Registering precompiled user dll's ...
Registered in 0.001374 seconds.
Begin MonoManager ReloadAssembly
Native extension for WindowsStandalone target not found
Native extension for OSXStandalone target not found
Native extension for WebGL target not found
Refreshing native plugins compatible for Editor in 0.34 ms, found 0 plugins.
Preloading 0 native plugins for Editor in 0.00 ms.
Invoked RoslynAnalysisRunner static constructor.
RoslynAnalysisRunner will not be running.
RoslynAnalysisRunner has terminated.
Mono: successfully reloaded assembly
- Completed reload, in  0.676 seconds
Platform modules already initialized, skipping
Refreshing native plugins compatible for Editor in 0.34 ms, found 0 plugins.
Preloading 0 native plugins for Editor in 0.00 ms.
Unloading 1374 Unused Serialized files (Serialized files now loaded: 0)
System memory in use before: 67.0 MB.
System memory in use after: 67.1 MB.

Unloading 24 unused Assets to reduce memory usage. Loaded Objects now: 1840.
Total: 1.358200 ms (FindLiveObjects: 0.150500 ms CreateObjectMapping: 0.049500 ms MarkObjects: 1.142900 ms  DeleteObjects: 0.013900 ms)

========================================================================
Received Import Request.
  Time since last request: 463.626879 seconds.
  path: Assets/Group1/Scripts/SpeedBuff.cs
  artifactKey: Guid(93c7486454f4ce94fbd49df574cfae78) Importer(815301076,1909f56bfc062723c751e8b465ee728b)
Start importing Assets/Group1/Scripts/SpeedBuff.cs using Guid(93c7486454f4ce94fbd49df574cfae78) Importer(815301076,1909f56bfc062723c751e8b465ee728b)  -> (artifact id: 'a0e60890d81e189d70c136fe3ef051d8') in 0.003970 seconds
  Import took 0.005854 seconds .

========================================================================
Received Prepare
Registering precompiled user dll's ...
Registered in 0.001271 seconds.
Begin MonoManager ReloadAssembly
Native extension for WindowsStandalone target not found
Native extension for OSXStandalone target not found
Native extension for WebGL target not found
Refreshing native plugins compatible for Editor in 0.33 ms, found 0 plugins.
Preloading 0 native plugins for Editor in 0.00 ms.
Invoked RoslynAnalysisRunner static constructor.
RoslynAnalysisRunner will not be running.
RoslynAnalysisRunner has terminated.
Mono: successfully reloaded assembly
- Completed reload, in  0.684 seconds
Platform modules already initialized, skipping
Refreshing native plugins compatible for Editor in 0.31 ms, found 0 plugins.
Preloading 0 native plugins for Editor in 0.00 ms.
Unloading 1374 Unused Serialized files (Serialized files now loaded: 0)
System memory in use before: 67.0 MB.
System memory in use after: 67.1 MB.

Unloading 24 unused Assets to reduce memory usage. Loaded Objects now: 1842.
Total: 1.500100 ms (FindLiveObjects: 0.218700 ms CreateObjectMapping: 0.055700 ms MarkObjects: 1.209200 ms  DeleteObjects: 0.015400 ms)

========================================================================
Received Prepare
Registering precompiled user dll's ...
Registered in 0.001269 seconds.
Begin MonoManager ReloadAssembly
Native extension for WindowsStandalone target not found
Native extension for OSXStandalone target not found
Native extension for WebGL target not found
Refreshing native plugins compatible for Editor in 0.33 ms, found 0 plugins.
Preloading 0 native plugins for Editor in 0.00 ms.
Invoked RoslynAnalysisRunner static constructor.
RoslynAnalysisRunner will not be running.
RoslynAnalysisRunner has terminated.
Mono: successfully reloaded assembly
- Completed reload, in  0.686 seconds
Platform modules already initialized, skipping
Refreshing native plugins compatible for Editor in 0.32 ms, found 0 plugins.
Preloading 0 native plugins for Editor in 0.00 ms.
Unloading 1374 Unused Serialized files (Serialized files now loaded: 0)
System memory in use before: 67.0 MB.
System memory in use after: 67.1 MB.

Unloading 24 unused Assets to reduce memory usage. Loaded Objects now: 1844.
Total: 1.438800 ms (FindLiveObjects: 0.143700 ms CreateObjectMapping: 0.047900 ms MarkObjects: 1.231300 ms  DeleteObjects: 0.015000 ms)

========================================================================
Received Import Request.
  Time since last request: 168.409797 seconds.
  path: Assets/Group1/Prefabs
  artifactKey: Guid(6b309485aad43d14883708c7b521c524) Importer(815301076,1909f56bfc062723c751e8b465ee728b)
Start importing Assets/Group1/Prefabs using Guid(6b309485aad43d14883708c7b521c524) Importer(815301076,1909f56bfc062723c751e8b465ee728b)  -> (artifact id: '0b9e624fcdd647e10216ecae0fb91d6b') in 0.007821 seconds
  Import took 0.010155 seconds .

========================================================================
Received Import Request.
  Time since last request: 0.000487 seconds.
  path: Assets/Group1/Prefabs
  artifactKey: Guid(6b309485aad43d14883708c7b521c524) Importer(815301076,1909f56bfc062723c751e8b465ee728b)
Start importing Assets/Group1/Prefabs using Guid(6b309485aad43d14883708c7b521c524) Importer(815301076,1909f56bfc062723c751e8b465ee728b)  -> (artifact id: '0b9e624fcdd647e10216ecae0fb91d6b') in 0.002645 seconds
  Import took 0.005486 seconds .

========================================================================
Received Import Request.
  Time since last request: 2.728976 seconds.
  path: Assets/Group1/Prefabs/Player.prefab
  artifactKey: Guid(d4af44f094c8ecd4baf9ea5136441156) Importer(815301076,1909f56bfc062723c751e8b465ee728b)
Start importing Assets/Group1/Prefabs/Player.prefab using Guid(d4af44f094c8ecd4baf9ea5136441156) Importer(815301076,1909f56bfc062723c751e8b465ee728b)  -> (artifact id: '42d91181df6e84fbd9bbf748b993484c') in 0.057529 seconds
  Import took 0.060539 seconds .

========================================================================
Received Import Request.
  Time since last request: 0.004143 seconds.
  path: Assets/Group1/Prefabs/Player.prefab
  artifactKey: Guid(d4af44f094c8ecd4baf9ea5136441156) Importer(815301076,1909f56bfc062723c751e8b465ee728b)
Start importing Assets/Group1/Prefabs/Player.prefab using Guid(d4af44f094c8ecd4baf9ea5136441156) Importer(815301076,1909f56bfc062723c751e8b465ee728b)  -> (artifact id: '42d91181df6e84fbd9bbf748b993484c') in 0.009097 seconds
  Import took 0.011631 seconds .

========================================================================
Received Import Request.
  Time since last request: 5.077211 seconds.
  path: Assets/Group1/Prefabs/Enemy.prefab
  artifactKey: Guid(46067d6b9c91d054babfdb551b319b8a) Importer(815301076,1909f56bfc062723c751e8b465ee728b)
Start importing Assets/Group1/Prefabs/Enemy.prefab using Guid(46067d6b9c91d054babfdb551b319b8a) Importer(815301076,1909f56bfc062723c751e8b465ee728b)  -> (artifact id: 'b13fd44e71b7e0fd55bc48377c5139cc') in 0.011502 seconds
  Import took 0.013934 seconds .

========================================================================
Received Import Request.
  Time since last request: 13.566162 seconds.
  path: Assets/Group1/Prefabs/Player.prefab
  artifactKey: Guid(d4af44f094c8ecd4baf9ea5136441156) Importer(815301076,1909f56bfc062723c751e8b465ee728b)
Start importing Assets/Group1/Prefabs/Player.prefab using Guid(d4af44f094c8ecd4baf9ea5136441156) Importer(815301076,1909f56bfc062723c751e8b465ee728b)  -> (artifact id: '6eac3e822b1b7de58579e4f9da1bfbff') in 0.016060 seconds
  Import took 0.019922 seconds .

========================================================================
Received Import Request.
  Time since last request: 4.230260 seconds.
  path: Assets/Group1/Prefabs/Enemy.prefab
  artifactKey: Guid(46067d6b9c91d054babfdb551b319b8a) Importer(815301076,1909f56bfc062723c751e8b465ee728b)
Start importing Assets/Group1/Prefabs/Enemy.prefab using Guid(46067d6b9c91d054babfdb551b319b8a) Importer(815301076,1909f56bfc062723c751e8b465ee728b)  -> (artifact id: '17783e80a168e3d926cf4d2c367fca2d') in 0.011513 seconds
  Import took 0.014593 seconds .

========================================================================
Received Import Request.
  Time since last request: 46.097574 seconds.
  path: Assets/Group1/Prefabs/SpeedBuff.prefab
  artifactKey: Guid(a8808171b571ec24eac22e62cedbb0ec) Importer(815301076,1909f56bfc062723c751e8b465ee728b)
Start importing Assets/Group1/Prefabs/SpeedBuff.prefab using Guid(a8808171b571ec24eac22e62cedbb0ec) Importer(815301076,1909f56bfc062723c751e8b465ee728b)  -> (artifact id: '71d53c3cbdd26acfc4f3d7cfeda28554') in 0.011217 seconds
  Import took 0.013304 seconds .

========================================================================
Received Import Request.
  Time since last request: 0.000795 seconds.
  path: Assets/Group1/Prefabs/SpeedBuff.prefab
  artifactKey: Guid(a8808171b571ec24eac22e62cedbb0ec) Importer(815301076,1909f56bfc062723c751e8b465ee728b)
Start importing Assets/Group1/Prefabs/SpeedBuff.prefab using Guid(a8808171b571ec24eac22e62cedbb0ec) Importer(815301076,1909f56bfc062723c751e8b465ee728b)  -> (artifact id: '71d53c3cbdd26acfc4f3d7cfeda28554') in 0.007446 seconds
  Import took 0.010108 seconds .

========================================================================
Received Prepare
Registering precompiled user dll's ...
Registered in 0.001695 seconds.
Begin MonoManager ReloadAssembly
Native extension for WindowsStandalone target not found
Native extension for OSXStandalone target not found
Native extension for WebGL target not found
Refreshing native plugins compatible for Editor in 0.35 ms, found 0 plugins.
Preloading 0 native plugins for Editor in 0.00 ms.
Invoked RoslynAnalysisRunner static constructor.
RoslynAnalysisRunner will not be running.
RoslynAnalysisRunner has terminated.
Mono: successfully reloaded assembly
- Completed reload, in  0.686 seconds
Platform modules already initialized, skipping
Refreshing native plugins compatible for Editor in 0.33 ms, found 0 plugins.
Preloading 0 native plugins for Editor in 0.00 ms.
Unloading 1374 Unused Serialized files (Serialized files now loaded: 0)
System memory in use before: 67.1 MB.
System memory in use after: 67.2 MB.

Unloading 24 unused Assets to reduce memory usage. Loaded Objects now: 1850.
Total: 1.345300 ms (FindLiveObjects: 0.154200 ms CreateObjectMapping: 0.042900 ms MarkObjects: 1.133300 ms  DeleteObjects: 0.013900 ms)

========================================================================
Received Prepare
Registering precompiled user dll's ...
Registered in 0.001358 seconds.
Begin MonoManager ReloadAssembly
Native extension for WindowsStandalone target not found
Native extension for OSXStandalone target not found
Native extension for WebGL target not found
Refreshing native plugins compatible for Editor in 0.33 ms, found 0 plugins.
Preloading 0 native plugins for Editor in 0.00 ms.
Invoked RoslynAnalysisRunner static constructor.
RoslynAnalysisRunner will not be running.
RoslynAnalysisRunner has terminated.
Mono: successfully reloaded assembly
- Completed reload, in  0.668 seconds
Platform modules already initialized, skipping
Refreshing native plugins compatible for Editor in 0.32 ms, found 0 plugins.
Preloading 0 native plugins for Editor in 0.00 ms.
Unloading 1374 Unused Serialized files (Serialized files now loaded: 0)
System memory in use before: 67.1 MB.
System memory in use after: 67.2 MB.

Unloading 24 unused Assets to reduce memory usage. Loaded Objects now: 1852.
Total: 1.617100 ms (FindLiveObjects: 0.235200 ms CreateObjectMapping: 0.120300 ms MarkObjects: 1.243500 ms  DeleteObjects: 0.017300 ms)

========================================================================
Received Prepare
Registering precompiled user dll's ...
Registered in 0.001708 seconds.
Begin MonoManager ReloadAssembly
Native extension for WindowsStandalone target not found
Native extension for OSXStandalone target not found
Native extension for WebGL target not found
Refreshing native plugins compatible for Editor in 0.48 ms, found 0 plugins.
Preloading 0 native plugins for Editor in 0.00 ms.
Invoked RoslynAnalysisRunner static constructor.
RoslynAnalysisRunner will not be running.
RoslynAnalysisRunner has terminated.
Mono: successfully reloaded assembly
- Completed reload, in  0.684 seconds
Platform modules already initialized, skipping
Refreshing native plugins compatible for Editor in 0.35 ms, found 0 plugins.
Preloading 0 native plugins for Editor in 0.00 ms.
Unloading 1374 Unused Serialized files (Serialized files now loaded: 0)
System memory in use before: 67.1 MB.
System memory in use after: 67.2 MB.

Unloading 24 unused Assets to reduce memory usage. Loaded Objects now: 1854.
Total: 1.476500 ms (FindLiveObjects: 0.177300 ms CreateObjectMapping: 0.048200 ms MarkObjects: 1.235300 ms  DeleteObjects: 0.014400 ms)

========================================================================
Received Prepare
Registering precompiled user dll's ...
Registered in 0.001217 seconds.
Begin MonoManager ReloadAssembly
Native extension for WindowsStandalone target not found
Native extension for OSXStandalone target not found
Native extension for WebGL target not found
Refreshing native plugins compatible for Editor in 0.32 ms, found 0 plugins.
Preloading 0 native plugins for Editor in 0.00 ms.
Invoked RoslynAnalysisRunner static constructor.
RoslynAnalysisRunner will not be running.
RoslynAnalysisRunner has terminated.
Mono: successfully reloaded assembly
- Completed reload, in  0.673 seconds
Platform modules already initialized, skipping
Refreshing native plugins compatible for Editor in 0.32 ms, found 0 plugins.
Preloading 0 native plugins for Editor in 0.00 ms.
Unloading 1374 Unused Serialized files (Serialized files now loaded: 0)
System memory in use before: 67.1 MB.
System memory in use after: 67.2 MB.

Unloading 24 unused Assets to reduce memory usage. Loaded Objects now: 1856.
Total: 2.327300 ms (FindLiveObjects: 0.241200 ms CreateObjectMapping: 0.066000 ms MarkObjects: 1.987900 ms  DeleteObjects: 0.031000 ms)

========================================================================
Received Prepare
Registering precompiled user dll's ...
Registered in 0.001243 seconds.
Begin MonoManager ReloadAssembly
Native extension for WindowsStandalone target not found
Native extension for OSXStandalone target not found
Native extension for WebGL target not found
Refreshing native plugins compatible for Editor in 0.33 ms, found 0 plugins.
Preloading 0 native plugins for Editor in 0.00 ms.
Invoked RoslynAnalysisRunner static constructor.
RoslynAnalysisRunner will not be running.
RoslynAnalysisRunner has terminated.
Mono: successfully reloaded assembly
- Completed reload, in  0.641 seconds
Platform modules already initialized, skipping
Refreshing native plugins compatible for Editor in 0.35 ms, found 0 plugins.
Preloading 0 native plugins for Editor in 0.00 ms.
Unloading 1374 Unused Serialized files (Serialized files now loaded: 0)
System memory in use before: 67.1 MB.
System memory in use after: 67.2 MB.

Unloading 24 unused Assets to reduce memory usage. Loaded Objects now: 1858.
Total: 2.021400 ms (FindLiveObjects: 0.172800 ms CreateObjectMapping: 0.057000 ms MarkObjects: 1.763300 ms  DeleteObjects: 0.026700 ms)

========================================================================
Received Prepare
Registering precompiled user dll's ...
Registered in 0.001894 seconds.
Begin MonoManager ReloadAssembly
Native extension for WindowsStandalone target not found
Native extension for OSXStandalone target not found
Native extension for WebGL target not found
Refreshing native plugins compatible for Editor in 0.32 ms, found 0 plugins.
Preloading 0 native plugins for Editor in 0.00 ms.
Invoked RoslynAnalysisRunner static constructor.
RoslynAnalysisRunner will not be running.
RoslynAnalysisRunner has terminated.
Mono: successfully reloaded assembly
- Completed reload, in  0.726 seconds
Platform modules already initialized, skipping
Refreshing native plugins compatible for Editor in 0.32 ms, found 0 plugins.
Preloading 0 native plugins for Editor in 0.00 ms.
Unloading 1374 Unused Serialized files (Serialized files now loaded: 0)
System memory in use before: 67.1 MB.
System memory in use after: 67.2 MB.

Unloading 24 unused Assets to reduce memory usage. Loaded Objects now: 1860.
Total: 1.477000 ms (FindLiveObjects: 0.150300 ms CreateObjectMapping: 0.047000 ms MarkObjects: 1.262100 ms  DeleteObjects: 0.016600 ms)

========================================================================
Received Prepare
Registering precompiled user dll's ...
Registered in 0.001763 seconds.
Begin MonoManager ReloadAssembly
Native extension for WindowsStandalone target not found
Native extension for OSXStandalone target not found
Native extension for WebGL target not found
Refreshing native plugins compatible for Editor in 0.33 ms, found 0 plugins.
Preloading 0 native plugins for Editor in 0.00 ms.
Invoked RoslynAnalysisRunner static constructor.
RoslynAnalysisRunner will not be running.
RoslynAnalysisRunner has terminated.
Mono: successfully reloaded assembly
- Completed reload, in  0.685 seconds
Platform modules already initialized, skipping
Refreshing native plugins compatible for Editor in 0.44 ms, found 0 plugins.
Preloading 0 native plugins for Editor in 0.00 ms.
Unloading 1374 Unused Serialized files (Serialized files now loaded: 0)
System memory in use before: 67.1 MB.
System memory in use after: 67.2 MB.

Unloading 24 unused Assets to reduce memory usage. Loaded Objects now: 1862.
Total: 1.401300 ms (FindLiveObjects: 0.143000 ms CreateObjectMapping: 0.042200 ms MarkObjects: 1.201300 ms  DeleteObjects: 0.013900 ms)

========================================================================
Received Prepare
Registering precompiled user dll's ...
Registered in 0.001269 seconds.
Begin MonoManager ReloadAssembly
Native extension for WindowsStandalone target not found
Native extension for OSXStandalone target not found
Native extension for WebGL target not found
Refreshing native plugins compatible for Editor in 0.34 ms, found 0 plugins.
Preloading 0 native plugins for Editor in 0.00 ms.
Invoked RoslynAnalysisRunner static constructor.
RoslynAnalysisRunner will not be running.
RoslynAnalysisRunner has terminated.
Mono: successfully reloaded assembly
- Completed reload, in  0.693 seconds
Platform modules already initialized, skipping
Refreshing native plugins compatible for Editor in 0.40 ms, found 0 plugins.
Preloading 0 native plugins for Editor in 0.00 ms.
Unloading 1374 Unused Serialized files (Serialized files now loaded: 0)
System memory in use before: 67.1 MB.
System memory in use after: 67.3 MB.

Unloading 24 unused Assets to reduce memory usage. Loaded Objects now: 1864.
Total: 1.700200 ms (FindLiveObjects: 0.295100 ms CreateObjectMapping: 0.082400 ms MarkObjects: 1.305900 ms  DeleteObjects: 0.015100 ms)

========================================================================
Received Prepare
Registering precompiled user dll's ...
Registered in 0.001432 seconds.
Begin MonoManager ReloadAssembly
Native extension for WindowsStandalone target not found
Native extension for OSXStandalone target not found
Native extension for WebGL target not found
Refreshing native plugins compatible for Editor in 0.49 ms, found 0 plugins.
Preloading 0 native plugins for Editor in 0.00 ms.
Invoked RoslynAnalysisRunner static constructor.
RoslynAnalysisRunner will not be running.
RoslynAnalysisRunner has terminated.
Mono: successfully reloaded assembly
- Completed reload, in  0.687 seconds
Platform modules already initialized, skipping
Refreshing native plugins compatible for Editor in 0.51 ms, found 0 plugins.
Preloading 0 native plugins for Editor in 0.00 ms.
Unloading 1374 Unused Serialized files (Serialized files now loaded: 0)
System memory in use before: 67.2 MB.
System memory in use after: 67.3 MB.

Unloading 24 unused Assets to reduce memory usage. Loaded Objects now: 1866.
Total: 1.447200 ms (FindLiveObjects: 0.142700 ms CreateObjectMapping: 0.042900 ms MarkObjects: 1.245600 ms  DeleteObjects: 0.014900 ms)

========================================================================
Received Prepare
Registering precompiled user dll's ...
Registered in 0.001252 seconds.
Begin MonoManager ReloadAssembly
Native extension for WindowsStandalone target not found
Native extension for OSXStandalone target not found
Native extension for WebGL target not found
Refreshing native plugins compatible for Editor in 0.50 ms, found 0 plugins.
Preloading 0 native plugins for Editor in 0.00 ms.
Invoked RoslynAnalysisRunner static constructor.
RoslynAnalysisRunner will not be running.
RoslynAnalysisRunner has terminated.
Mono: successfully reloaded assembly
- Completed reload, in  0.682 seconds
Platform modules already initialized, skipping
Refreshing native plugins compatible for Editor in 0.33 ms, found 0 plugins.
Preloading 0 native plugins for Editor in 0.00 ms.
Unloading 1374 Unused Serialized files (Serialized files now loaded: 0)
System memory in use before: 67.2 MB.
System memory in use after: 67.3 MB.

Unloading 24 unused Assets to reduce memory usage. Loaded Objects now: 1868.
Total: 2.610100 ms (FindLiveObjects: 0.227300 ms CreateObjectMapping: 0.090000 ms MarkObjects: 2.266500 ms  DeleteObjects: 0.024800 ms)

========================================================================
Received Prepare
Registering precompiled user dll's ...
Registered in 0.001445 seconds.
Begin MonoManager ReloadAssembly
Native extension for WindowsStandalone target not found
Native extension for OSXStandalone target not found
Native extension for WebGL target not found
Refreshing native plugins compatible for Editor in 0.33 ms, found 0 plugins.
Preloading 0 native plugins for Editor in 0.00 ms.
Invoked RoslynAnalysisRunner static constructor.
RoslynAnalysisRunner will not be running.
RoslynAnalysisRunner has terminated.
Mono: successfully reloaded assembly
- Completed reload, in  0.669 seconds
Platform modules already initialized, skipping
Refreshing native plugins compatible for Editor in 0.43 ms, found 0 plugins.
Preloading 0 native plugins for Editor in 0.00 ms.
Unloading 1374 Unused Serialized files (Serialized files now loaded: 0)
System memory in use before: 67.2 MB.
System memory in use after: 67.3 MB.

Unloading 24 unused Assets to reduce memory usage. Loaded Objects now: 1870.
Total: 1.450500 ms (FindLiveObjects: 0.152800 ms CreateObjectMapping: 0.042800 ms MarkObjects: 1.239800 ms  DeleteObjects: 0.014400 ms)

